[debug] [2020-12-06T21:17:18.379Z] ----------------------------------------------------------------------
[debug] [2020-12-06T21:17:18.381Z] Command:       C:\Program Files\nodejs\node.exe C:\Users\yerko\AppData\Roaming\npm\node_modules\firebase-tools\lib\bin\firebase.js init
[debug] [2020-12-06T21:17:18.381Z] CLI Version:   8.17.0
[debug] [2020-12-06T21:17:18.381Z] Platform:      win32
[debug] [2020-12-06T21:17:18.381Z] Node Version:  v12.18.3
[debug] [2020-12-06T21:17:18.382Z] Time:          Sun Dec 06 2020 18:17:18 GMT-0300 (GMT-03:00)
[debug] [2020-12-06T21:17:18.382Z] ----------------------------------------------------------------------
[debug] [2020-12-06T21:17:18.383Z] 
[debug] [2020-12-06T21:17:18.384Z] >>> [apiv2][query] GET https://firebase-public.firebaseio.com/cli.json [none]
[debug] [2020-12-06T21:17:18.400Z] > command requires scopes: ["email","openid","https://www.googleapis.com/auth/cloudplatformprojects.readonly","https://www.googleapis.com/auth/firebase","https://www.googleapis.com/auth/cloud-platform"]
[debug] [2020-12-06T21:17:18.401Z] > authorizing via signed-in user
[info] 
     ######## #### ########  ######## ########     ###     ######  ########
     ##        ##  ##     ## ##       ##     ##  ##   ##  ##       ##
     ######    ##  ########  ######   ########  #########  ######  ######
     ##        ##  ##    ##  ##       ##     ## ##     ##       ## ##
     ##       #### ##     ## ######## ########  ##     ##  ######  ########

You're about to initialize a Firebase project in this directory:

  C:\Proyectos\Curso Angular\ProyectoFinal

Before we get started, keep in mind:

  * You are currently outside your home directory

[debug] [2020-12-06T21:17:18.988Z] <<< [apiv2][status] GET https://firebase-public.firebaseio.com/cli.json 200
[debug] [2020-12-06T21:17:18.988Z] <<< [apiv2][body] GET https://firebase-public.firebaseio.com/cli.json {"cloudBuildErrorAfter":1594252800000,"cloudBuildWarnAfter":1590019200000,"defaultNode10After":1594252800000,"minVersion":"3.0.5","node8DeploysDisabledAfter":1613390400000,"node8RuntimeDisabledAfter":1615809600000,"node8WarnAfter":1600128000000}
